[LOG] System::create                           : Header version = 2.02.11. Current version = 2.02.11.
[LOG] Manager::init                            : maxchannels = 256 studioflags = 00000006 flags 00000000 extradriverdata 0000000000000000.
[LOG] SystemI::init                            : Initialize version=20211 (130436), maxchannels=256, flags=0x00020000
[LOG] SystemI::setOutputInternal               : Setting output to 'FMOD WASAPI Output'
[LOG] OutputWASAPI::init                       : Mix Format (WAVEFORMATEX): wFormatTag=0xFFFE, nChannels=2, nSamplesPerSec=44100, nAvgBytesPerSec=352800, nBlockAlign=8, wBitsPerSample=32, cbSize=22.
[LOG] OutputWASAPI::init                       : Mix Format (WAVEFORMATEXTENSIBLE): wValidBitsPerSample=32, dwChannelMask=0x00000003, SubFormat=00000003-0000-0010-8000-00AA00389B71.
[LOG] OutputWASAPI::init                       : Output buffer size: 3760 samples, latency: 0.00ms, period: 10.00ms, DSP buffer: 1024 * 4
[LOG] SystemI::init                            : Output requires a sample rate of 44100Hz, resampling will occur.
[LOG] Thread::initThread                       : Init FMOD stream thread. Affinity: 0x4000000000000003, Priority: 0xFFFF7FFB, Stack Size: 98304, Semaphore: No, Sleep Time: 10, Looping: Yes.
[LOG] Thread::initThread                       : Init FMOD mixer thread. Affinity: 0x4000000000000001, Priority: 0xFFFF7FFA, Stack Size: 81920, Semaphore: No, Sleep Time: 0, Looping: Yes.
[LOG] AsyncManager::init                       : manager 0000019B1F5C95F8 isAsync 0 updatePeriod 0.02
[LOG] AsyncManager::init                       : done
[LOG] PlaybackSystem::init                     : 
[LOG] Thread::initThread                       : Init FMOD Studio sample load thread. Affinity: 0x4000000000000003, Priority: 0xFFFF7FFD, Stack Size: 98304, Semaphore: No, Sleep Time: 1, Looping: No.
[LOG] PlaybackSystem::init                     : done
[LOG] Thread::initThread                       : Init FMOD Studio bank load thread. Affinity: 0x4000000000000003, Priority: 0xFFFF7FFD, Stack Size: 98304, Semaphore: No, Sleep Time: 1, Looping: No.
[LOG] Manager::init                            : done.
[LOG] Manager::readBank                        : fileversion = 142, compatVersion = 140 (oldest = 44, newest = 142)
[LOG] Manager::readBank                        : fileversion = 142, compatVersion = 140 (oldest = 44, newest = 142)
[LOG] Manager::readBank                        : fileversion = 142, compatVersion = 140 (oldest = 44, newest = 142)
[LOG] PlaybackSystem::acquireMasterBus         : Setting master channel group format to 6
[LOG] SystemI::createSoundInternal             : Create name='', mode=0x02000202
[LOG] SystemI::createSoundInternal             : exinfo->cbsize             = 224
[LOG] SystemI::createSoundInternal             : exinfo->length             = 594496
[LOG] SystemI::createSoundInternal             : exinfo->fileoffset         = 46464
[LOG] SystemI::createSoundInternal             : exinfo->numsubsounds       = 1
[LOG] SystemI::createSoundInternal             : exinfo->inclusionlist      = 00000054A051EF28
[LOG] SystemI::createSoundInternal             : exinfo->inclusionlistnum   = 1
[LOG] SystemI::createSoundInternal             : exinfo->suggestedsoundtype = 5
[LOG] SystemI::createSoundInternal             : exinfo->useropen           = 00007FFAB0183490
[LOG] SystemI::createSoundInternal             : exinfo->userclose          = 00007FFAB0183450
[LOG] SystemI::createSoundInternal             : exinfo->userread           = 00007FFAB0183570
[LOG] SystemI::createSoundInternal             : exinfo->userseek           = 00007FFAB0183630
[LOG] SystemI::createSoundInternal             : exinfo->fileuserdata       = 00000199DD016808
[LOG] SystemI::createSoundInternal             : exinfo->initialseekpostype = 1
[LOG] SystemI::DSPCodecPoolRegister            : register codec pool for pool type 5
[LOG] SystemI::createSoundInternal             : Sample 0/1: name='FootstepsDirt 6016_90_1-04.L', format=5, channels=1, frequency=48000, lengthbytes=5600, lengthpcm=25691, pcmblocksize=0, loopstart=0, loopend=0, mode=0x00000000, channelmask=0x00000000, channelorder=0, peakvolume=0.542114.
[LOG] SystemI::createSoundInternal             : Create name='', mode=0x02000202
[LOG] SystemI::createSoundInternal             : exinfo->cbsize             = 224
[LOG] SystemI::createSoundInternal             : exinfo->length             = 594496
[LOG] SystemI::createSoundInternal             : exinfo->fileoffset         = 46464
[LOG] SystemI::createSoundInternal             : exinfo->numsubsounds       = 1
[LOG] SystemI::createSoundInternal             : exinfo->inclusionlist      = 00000054A051EF28
[LOG] SystemI::createSoundInternal             : exinfo->inclusionlistnum   = 1
[LOG] SystemI::createSoundInternal             : exinfo->suggestedsoundtype = 5
[LOG] SystemI::createSoundInternal             : exinfo->useropen           = 00007FFAB0183490
[LOG] SystemI::createSoundInternal             : exinfo->userclose          = 00007FFAB0183450
[LOG] SystemI::createSoundInternal             : exinfo->userread           = 00007FFAB0183570
[LOG] SystemI::createSoundInternal             : exinfo->userseek           = 00007FFAB0183630
[LOG] SystemI::createSoundInternal             : exinfo->fileuserdata       = 00000199DD016808
[LOG] SystemI::createSoundInternal             : exinfo->initialseekpostype = 1
[LOG] SystemI::DSPCodecPoolRegister            : register codec pool for pool type 5
[LOG] SystemI::createSoundInternal             : Sample 0/1: name='Cartoon Accent 01-01.L', format=5, channels=1, frequency=48000, lengthbytes=1120, lengthpcm=5015, pcmblocksize=0, loopstart=0, loopend=0, mode=0x00000000, channelmask=0x00000000, channelorder=0, peakvolume=0.653473.
[LOG] SystemI::createSoundInternal             : Create name='', mode=0x02000202
[LOG] SystemI::createSoundInternal             : exinfo->cbsize             = 224
[LOG] SystemI::createSoundInternal             : exinfo->length             = 594496
[LOG] SystemI::createSoundInternal             : exinfo->fileoffset         = 46464
[LOG] SystemI::createSoundInternal             : exinfo->numsubsounds       = 1
[LOG] SystemI::createSoundInternal             : exinfo->inclusionlist      = 00000054A051EF28
[LOG] SystemI::createSoundInternal             : exinfo->inclusionlistnum   = 1
[LOG] SystemI::createSoundInternal             : exinfo->suggestedsoundtype = 5
[LOG] SystemI::createSoundInternal             : exinfo->useropen           = 00007FFAB0183490
[LOG] SystemI::createSoundInternal             : exinfo->userclose          = 00007FFAB0183450
[LOG] SystemI::createSoundInternal             : exinfo->userread           = 00007FFAB0183570
[LOG] SystemI::createSoundInternal             : exinfo->userseek           = 00007FFAB0183630
[LOG] SystemI::createSoundInternal             : exinfo->fileuserdata       = 00000199DD016808
[LOG] SystemI::createSoundInternal             : exinfo->initialseekpostype = 1
[LOG] SystemI::DSPCodecPoolRegister            : register codec pool for pool type 5
[LOG] SystemI::createSoundInternal             : Sample 0/1: name='FootstepsDirt 6016_90_1-10.L', format=5, channels=1, frequency=48000, lengthbytes=5152, lengthpcm=24899, pcmblocksize=0, loopstart=0, loopend=0, mode=0x00000000, channelmask=0x00000000, channelorder=0, peakvolume=0.361572.
[LOG] SystemI::createSoundInternal             : Create name='', mode=0x02000202
[LOG] SystemI::createSoundInternal             : exinfo->cbsize             = 224
[LOG] SystemI::createSoundInternal             : exinfo->length             = 594496
[LOG] SystemI::createSoundInternal             : exinfo->fileoffset         = 46464
[LOG] SystemI::createSoundInternal             : exinfo->numsubsounds       = 1
[LOG] SystemI::createSoundInternal             : exinfo->inclusionlist      = 00000054A051EF28
[LOG] SystemI::createSoundInternal             : exinfo->inclusionlistnum   = 1
[LOG] SystemI::createSoundInternal             : exinfo->suggestedsoundtype = 5
[LOG] SystemI::createSoundInternal             : exinfo->useropen           = 00007FFAB0183490
[LOG] SystemI::createSoundInternal             : exinfo->userclose          = 00007FFAB0183450
[LOG] SystemI::createSoundInternal             : exinfo->userread           = 00007FFAB0183570
[LOG] SystemI::createSoundInternal             : exinfo->userseek           = 00007FFAB0183630
[LOG] SystemI::createSoundInternal             : exinfo->fileuserdata       = 00000199DD016808
[LOG] SystemI::createSoundInternal             : exinfo->initialseekpostype = 1
[LOG] SystemI::DSPCodecPoolRegister            : register codec pool for pool type 5
[LOG] SystemI::createSoundInternal             : Sample 0/1: name='FootstepsDirt 6016_90_1-02.L', format=5, channels=1, frequency=48000, lengthbytes=4960, lengthpcm=24877, pcmblocksize=0, loopstart=0, loopend=0, mode=0x00000000, channelmask=0x00000000, channelorder=0, peakvolume=0.623322.
[LOG] SystemI::createSoundInternal             : Create name='', mode=0x02000202
[LOG] SystemI::createSoundInternal             : exinfo->cbsize             = 224
[LOG] SystemI::createSoundInternal             : exinfo->length             = 594496
[LOG] SystemI::createSoundInternal             : exinfo->fileoffset         = 46464
[LOG] SystemI::createSoundInternal             : exinfo->numsubsounds       = 1
[LOG] SystemI::createSoundInternal             : exinfo->inclusionlist      = 00000054A051EF28
[LOG] SystemI::createSoundInternal             : exinfo->inclusionlistnum   = 1
[LOG] SystemI::createSoundInternal             : exinfo->suggestedsoundtype = 5
[LOG] SystemI::createSoundInternal             : exinfo->useropen           = 00007FFAB0183490
[LOG] SystemI::createSoundInternal             : exinfo->userclose          = 00007FFAB0183450
[LOG] SystemI::createSoundInternal             : exinfo->userread           = 00007FFAB0183570
[LOG] SystemI::createSoundInternal             : exinfo->userseek           = 00007FFAB0183630
[LOG] SystemI::createSoundInternal             : exinfo->fileuserdata       = 00000199DD016808
[LOG] SystemI::createSoundInternal             : exinfo->initialseekpostype = 1
[LOG] SystemI::DSPCodecPoolRegister            : register codec pool for pool type 5
[LOG] SystemI::createSoundInternal             : Sample 0/1: name='Footsteps Mud Walk-02.L', format=5, channels=1, frequency=48000, lengthbytes=6880, lengthpcm=33817, pcmblocksize=0, loopstart=0, loopend=0, mode=0x00000000, channelmask=0x00000000, channelorder=0, peakvolume=0.208252.
[LOG] SystemI::createSoundInternal             : Create name='', mode=0x02000202
[LOG] SystemI::createSoundInternal             : exinfo->cbsize             = 224
[LOG] SystemI::createSoundInternal             : exinfo->length             = 594496
[LOG] SystemI::createSoundInternal             : exinfo->fileoffset         = 46464
[LOG] SystemI::createSoundInternal             : exinfo->numsubsounds       = 1
[LOG] SystemI::createSoundInternal             : exinfo->inclusionlist      = 00000054A051EF28
[LOG] SystemI::createSoundInternal             : exinfo->inclusionlistnum   = 1
[LOG] SystemI::createSoundInternal             : exinfo->suggestedsoundtype = 5
[LOG] SystemI::createSoundInternal             : exinfo->useropen           = 00007FFAB0183490
[LOG] SystemI::createSoundInternal             : exinfo->userclose          = 00007FFAB0183450
[LOG] SystemI::createSoundInternal             : exinfo->userread           = 00007FFAB0183570
[LOG] SystemI::createSoundInternal             : exinfo->userseek           = 00007FFAB0183630
[LOG] SystemI::createSoundInternal             : exinfo->fileuserdata       = 00000199DD016808
[LOG] SystemI::createSoundInternal             : exinfo->initialseekpostype = 1
[LOG] SystemI::DSPCodecPoolRegister            : register codec pool for pool type 5
[LOG] SystemI::createSoundInternal             : Sample 0/1: name='Footsteps Mud Walk-08.L', format=5, channels=1, frequency=48000, lengthbytes=6912, lengthpcm=32635, pcmblocksize=0, loopstart=0, loopend=0, mode=0x00000000, channelmask=0x00000000, channelorder=0, peakvolume=0.240417.
[LOG] SystemI::createSoundInternal             : Create name='', mode=0x02000202
[LOG] SystemI::createSoundInternal             : exinfo->cbsize             = 224
[LOG] SystemI::createSoundInternal             : exinfo->length             = 594496
[LOG] SystemI::createSoundInternal             : exinfo->fileoffset         = 46464
[LOG] SystemI::createSoundInternal             : exinfo->numsubsounds       = 1
[LOG] SystemI::createSoundInternal             : exinfo->inclusionlist      = 00000054A051EF28
[LOG] SystemI::createSoundInternal             : exinfo->inclusionlistnum   = 1
[LOG] SystemI::createSoundInternal             : exinfo->suggestedsoundtype = 5
[LOG] SystemI::createSoundInternal             : exinfo->useropen           = 00007FFAB0183490
[LOG] SystemI::createSoundInternal             : exinfo->userclose          = 00007FFAB0183450
[LOG] SystemI::createSoundInternal             : exinfo->userread           = 00007FFAB0183570
[LOG] SystemI::createSoundInternal             : exinfo->userseek           = 00007FFAB0183630
[LOG] SystemI::createSoundInternal             : exinfo->fileuserdata       = 00000199DD016808
[LOG] SystemI::createSoundInternal             : exinfo->initialseekpostype = 1
[LOG] SystemI::DSPCodecPoolRegister            : register codec pool for pool type 5
[LOG] SystemI::createSoundInternal             : Sample 0/1: name='Footsteps Mud Walk-11.L', format=5, channels=1, frequency=48000, lengthbytes=7392, lengthpcm=37006, pcmblocksize=0, loopstart=0, loopend=0, mode=0x00000000, channelmask=0x00000000, channelorder=0, peakvolume=0.325836.
[LOG] SystemI::createSoundInternal             : Create name='', mode=0x02000202
[LOG] SystemI::createSoundInternal             : exinfo->cbsize             = 224
[LOG] SystemI::createSoundInternal             : exinfo->length             = 594496
[LOG] SystemI::createSoundInternal             : exinfo->fileoffset         = 46464
[LOG] SystemI::createSoundInternal             : exinfo->numsubsounds       = 1
[LOG] SystemI::createSoundInternal             : exinfo->inclusionlist      = 00000054A051EF28
[LOG] SystemI::createSoundInternal             : exinfo->inclusionlistnum   = 1
[LOG] SystemI::createSoundInternal             : exinfo->suggestedsoundtype = 5
[LOG] SystemI::createSoundInternal             : exinfo->useropen           = 00007FFAB0183490
[LOG] SystemI::createSoundInternal             : exinfo->userclose          = 00007FFAB0183450
[LOG] SystemI::createSoundInternal             : exinfo->userread           = 00007FFAB0183570
[LOG] SystemI::createSoundInternal             : exinfo->userseek           = 00007FFAB0183630
[LOG] SystemI::createSoundInternal             : exinfo->fileuserdata       = 00000199DD016808
[LOG] SystemI::createSoundInternal             : exinfo->initialseekpostype = 1
[LOG] SystemI::DSPCodecPoolRegister            : register codec pool for pool type 5
[LOG] SystemI::createSoundInternal             : Sample 0/1: name='FootstepsDirt 6016_90_1-06.L', format=5, channels=1, frequency=48000, lengthbytes=5664, lengthpcm=25103, pcmblocksize=0, loopstart=0, loopend=0, mode=0x00000000, channelmask=0x00000000, channelorder=0, peakvolume=0.612915.
[LOG] SystemI::createSoundInternal             : Create name='', mode=0x02000202
[LOG] SystemI::createSoundInternal             : exinfo->cbsize             = 224
[LOG] SystemI::createSoundInternal             : exinfo->length             = 594496
[LOG] SystemI::createSoundInternal             : exinfo->fileoffset         = 46464
[LOG] SystemI::createSoundInternal             : exinfo->numsubsounds       = 1
[LOG] SystemI::createSoundInternal             : exinfo->inclusionlist      = 00000054A051EF28
[LOG] SystemI::createSoundInternal             : exinfo->inclusionlistnum   = 1
[LOG] SystemI::createSoundInternal             : exinfo->suggestedsoundtype = 5
[LOG] SystemI::createSoundInternal             : exinfo->useropen           = 00007FFAB0183490
[LOG] SystemI::createSoundInternal             : exinfo->userclose          = 00007FFAB0183450
[LOG] SystemI::createSoundInternal             : exinfo->userread           = 00007FFAB0183570
[LOG] SystemI::createSoundInternal             : exinfo->userseek           = 00007FFAB0183630
[LOG] SystemI::createSoundInternal             : exinfo->fileuserdata       = 00000199DD016808
[LOG] SystemI::createSoundInternal             : exinfo->initialseekpostype = 1
[LOG] SystemI::DSPCodecPoolRegister            : register codec pool for pool type 5
[LOG] SystemI::createSoundInternal             : Sample 0/1: name='FootstepsDirt 6016_90_1-13.L', format=5, channels=1, frequency=48000, lengthbytes=5408, lengthpcm=24167, pcmblocksize=0, loopstart=0, loopend=0, mode=0x00000000, channelmask=0x00000000, channelorder=0, peakvolume=0.327087.
[LOG] SystemI::createSoundInternal             : Create name='', mode=0x02000202
[LOG] SystemI::createSoundInternal             : exinfo->cbsize             = 224
[LOG] SystemI::createSoundInternal             : exinfo->length             = 594496
[LOG] SystemI::createSoundInternal             : exinfo->fileoffset         = 46464
[LOG] SystemI::createSoundInternal             : exinfo->numsubsounds       = 1
[LOG] SystemI::createSoundInternal             : exinfo->inclusionlist      = 00000054A051EF28
[LOG] SystemI::createSoundInternal             : exinfo->inclusionlistnum   = 1
[LOG] SystemI::createSoundInternal             : exinfo->suggestedsoundtype = 5
[LOG] SystemI::createSoundInternal             : exinfo->useropen           = 00007FFAB0183490
[LOG] SystemI::createSoundInternal             : exinfo->userclose          = 00007FFAB0183450
[LOG] SystemI::createSoundInternal             : exinfo->userread           = 00007FFAB0183570
[LOG] SystemI::createSoundInternal             : exinfo->userseek           = 00007FFAB0183630
[LOG] SystemI::createSoundInternal             : exinfo->fileuserdata       = 00000199DD016808
[LOG] SystemI::createSoundInternal             : exinfo->initialseekpostype = 1
[LOG] SystemI::DSPCodecPoolRegister            : register codec pool for pool type 5
[LOG] SystemI::createSoundInternal             : Sample 0/1: name='FootstepsDirt 6016_90_1-08.L', format=5, channels=1, frequency=48000, lengthbytes=5408, lengthpcm=25369, pcmblocksize=0, loopstart=0, loopend=0, mode=0x00000000, channelmask=0x00000000, channelorder=0, peakvolume=0.786438.
[LOG] SystemI::createSoundInternal             : Create name='', mode=0x02000202
[LOG] SystemI::createSoundInternal             : exinfo->cbsize             = 224
[LOG] SystemI::createSoundInternal             : exinfo->length             = 594496
[LOG] SystemI::createSoundInternal             : exinfo->fileoffset         = 46464
[LOG] SystemI::createSoundInternal             : exinfo->numsubsounds       = 1
[LOG] SystemI::createSoundInternal             : exinfo->inclusionlist      = 00000054A051EF28
[LOG] SystemI::createSoundInternal             : exinfo->inclusionlistnum   = 1
[LOG] SystemI::createSoundInternal             : exinfo->suggestedsoundtype = 5
[LOG] SystemI::createSoundInternal             : exinfo->useropen           = 00007FFAB0183490
[LOG] SystemI::createSoundInternal             : exinfo->userclose          = 00007FFAB0183450
[LOG] SystemI::createSoundInternal             : exinfo->userread           = 00007FFAB0183570
[LOG] SystemI::createSoundInternal             : exinfo->userseek           = 00007FFAB0183630
[LOG] SystemI::createSoundInternal             : exinfo->fileuserdata       = 00000199DD016808
[LOG] SystemI::createSoundInternal             : exinfo->initialseekpostype = 1
[LOG] SystemI::DSPCodecPoolRegister            : register codec pool for pool type 5
[LOG] SystemI::createSoundInternal             : Sample 0/1: name='Cartoon Accent 01-PiSh_01-01.L', format=5, channels=1, frequency=48000, lengthbytes=1024, lengthpcm=5712, pcmblocksize=0, loopstart=0, loopend=0, mode=0x00000000, channelmask=0x00000000, channelorder=0, peakvolume=0.652710.
[LOG] SystemI::createSoundInternal             : Create name='', mode=0x02000202
[LOG] SystemI::createSoundInternal             : exinfo->cbsize             = 224
[LOG] SystemI::createSoundInternal             : exinfo->length             = 594496
[LOG] SystemI::createSoundInternal             : exinfo->fileoffset         = 46464
[LOG] SystemI::createSoundInternal             : exinfo->numsubsounds       = 1
[LOG] SystemI::createSoundInternal             : exinfo->inclusionlist      = 00000054A051EF28
[LOG] SystemI::createSoundInternal             : exinfo->inclusionlistnum   = 1
[LOG] SystemI::createSoundInternal             : exinfo->suggestedsoundtype = 5
[LOG] SystemI::createSoundInternal             : exinfo->useropen           = 00007FFAB0183490
[LOG] SystemI::createSoundInternal             : exinfo->userclose          = 00007FFAB0183450
[LOG] SystemI::createSoundInternal             : exinfo->userread           = 00007FFAB0183570
[LOG] SystemI::createSoundInternal             : exinfo->userseek           = 00007FFAB0183630
[LOG] SystemI::createSoundInternal             : exinfo->fileuserdata       = 00000199DD016808
[LOG] SystemI::createSoundInternal             : exinfo->initialseekpostype = 1
[LOG] SystemI::DSPCodecPoolRegister            : register codec pool for pool type 5
[LOG] SystemI::createSoundInternal             : Sample 0/1: name='Footsteps Mud Walk-10.L', format=5, channels=1, frequency=48000, lengthbytes=7680, lengthpcm=35683, pcmblocksize=0, loopstart=0, loopend=0, mode=0x00000000, channelmask=0x00000000, channelorder=0, peakvolume=0.441528.
[LOG] SystemI::createSoundInternal             : Create name='', mode=0x02000202
[LOG] SystemI::createSoundInternal             : exinfo->cbsize             = 224
[LOG] SystemI::createSoundInternal             : exinfo->length             = 594496
[LOG] SystemI::createSoundInternal             : exinfo->fileoffset         = 46464
[LOG] SystemI::createSoundInternal             : exinfo->numsubsounds       = 1
[LOG] SystemI::createSoundInternal             : exinfo->inclusionlist      = 00000054A051EF28
[LOG] SystemI::createSoundInternal             : exinfo->inclusionlistnum   = 1
[LOG] SystemI::createSoundInternal             : exinfo->suggestedsoundtype = 5
[LOG] SystemI::createSoundInternal             : exinfo->useropen           = 00007FFAB0183490
[LOG] SystemI::createSoundInternal             : exinfo->userclose          = 00007FFAB0183450
[LOG] SystemI::createSoundInternal             : exinfo->userread           = 00007FFAB0183570
[LOG] SystemI::createSoundInternal             : exinfo->userseek           = 00007FFAB0183630
[LOG] SystemI::createSoundInternal             : exinfo->fileuserdata       = 00000199DD016808
[LOG] SystemI::createSoundInternal             : exinfo->initialseekpostype = 1
[LOG] SystemI::DSPCodecPoolRegister            : register codec pool for pool type 5
[LOG] SystemI::createSoundInternal             : Sample 0/1: name='Footsteps Mud Walk-04.L', format=5, channels=1, frequency=48000, lengthbytes=7104, lengthpcm=35652, pcmblocksize=0, loopstart=0, loopend=0, mode=0x00000000, channelmask=0x00000000, channelorder=0, peakvolume=0.378571.
[LOG] SystemI::createSoundInternal             : Create name='', mode=0x02000202
[LOG] SystemI::createSoundInternal             : exinfo->cbsize             = 224
[LOG] SystemI::createSoundInternal             : exinfo->length             = 594496
[LOG] SystemI::createSoundInternal             : exinfo->fileoffset         = 46464
[LOG] SystemI::createSoundInternal             : exinfo->numsubsounds       = 1
[LOG] SystemI::createSoundInternal             : exinfo->inclusionlist      = 00000054A051EF28
[LOG] SystemI::createSoundInternal             : exinfo->inclusionlistnum   = 1
[LOG] SystemI::createSoundInternal             : exinfo->suggestedsoundtype = 5
[LOG] SystemI::createSoundInternal             : exinfo->useropen           = 00007FFAB0183490
[LOG] SystemI::createSoundInternal             : exinfo->userclose          = 00007FFAB0183450
[LOG] SystemI::createSoundInternal             : exinfo->userread           = 00007FFAB0183570
[LOG] SystemI::createSoundInternal             : exinfo->userseek           = 00007FFAB0183630
[LOG] SystemI::createSoundInternal             : exinfo->fileuserdata       = 00000199DD016808
[LOG] SystemI::createSoundInternal             : exinfo->initialseekpostype = 1
[LOG] SystemI::DSPCodecPoolRegister            : register codec pool for pool type 5
[LOG] SystemI::createSoundInternal             : Sample 0/1: name='Footsteps Mud Walk-06.L', format=5, channels=1, frequency=48000, lengthbytes=6880, lengthpcm=34033, pcmblocksize=0, loopstart=0, loopend=0, mode=0x00000000, channelmask=0x00000000, channelorder=0, peakvolume=0.252869.
[LOG] SystemI::createSoundInternal             : Create name='', mode=0x02000202
[LOG] SystemI::createSoundInternal             : exinfo->cbsize             = 224
[LOG] SystemI::createSoundInternal             : exinfo->length             = 594496
[LOG] SystemI::createSoundInternal             : exinfo->fileoffset         = 46464
[LOG] SystemI::createSoundInternal             : exinfo->numsubsounds       = 1
[LOG] SystemI::createSoundInternal             : exinfo->inclusionlist      = 00000054A051EF28
[LOG] SystemI::createSoundInternal             : exinfo->inclusionlistnum   = 1
[LOG] SystemI::createSoundInternal             : exinfo->suggestedsoundtype = 5
[LOG] SystemI::createSoundInternal             : exinfo->useropen           = 00007FFAB0183490
[LOG] SystemI::createSoundInternal             : exinfo->userclose          = 00007FFAB0183450
[LOG] SystemI::createSoundInternal             : exinfo->userread           = 00007FFAB0183570
[LOG] SystemI::createSoundInternal             : exinfo->userseek           = 00007FFAB0183630
[LOG] SystemI::createSoundInternal             : exinfo->fileuserdata       = 00000199DD016808
[LOG] SystemI::createSoundInternal             : exinfo->initialseekpostype = 1
[LOG] SystemI::DSPCodecPoolRegister            : register codec pool for pool type 5
[LOG] SystemI::createSoundInternal             : Sample 0/1: name='FootstepsDirt 6016_90_1-12.L', format=5, channels=1, frequency=48000, lengthbytes=4992, lengthpcm=24977, pcmblocksize=0, loopstart=0, loopend=0, mode=0x00000000, channelmask=0x00000000, channelorder=0, peakvolume=0.517670.
[LOG] SystemI::createSoundInternal             : Create name='', mode=0x02000202
[LOG] SystemI::createSoundInternal             : exinfo->cbsize             = 224
[LOG] SystemI::createSoundInternal             : exinfo->length             = 594496
[LOG] SystemI::createSoundInternal             : exinfo->fileoffset         = 46464
[LOG] SystemI::createSoundInternal             : exinfo->numsubsounds       = 1
[LOG] SystemI::createSoundInternal             : exinfo->inclusionlist      = 00000054A051EF28
[LOG] SystemI::createSoundInternal             : exinfo->inclusionlistnum   = 1
[LOG] SystemI::createSoundInternal             : exinfo->suggestedsoundtype = 5
[LOG] SystemI::createSoundInternal             : exinfo->useropen           = 00007FFAB0183490
[LOG] SystemI::createSoundInternal             : exinfo->userclose          = 00007FFAB0183450
[LOG] SystemI::createSoundInternal             : exinfo->userread           = 00007FFAB0183570
[LOG] SystemI::createSoundInternal             : exinfo->userseek           = 00007FFAB0183630
[LOG] SystemI::createSoundInternal             : exinfo->fileuserdata       = 0000019B1FCFA418
[LOG] SystemI::createSoundInternal             : exinfo->initialseekpostype = 1
[LOG] SystemI::DSPCodecPoolRegister            : register codec pool for pool type 5
[LOG] SystemI::createSoundInternal             : Sample 0/1: name='cosechando beeps_01', format=5, channels=1, frequency=48000, lengthbytes=480, lengthpcm=1977, pcmblocksize=0, loopstart=0, loopend=0, mode=0x00000000, channelmask=0x00000000, channelorder=0, peakvolume=0.209778.
[LOG] SystemI::createSoundInternal             : Create name='', mode=0x02000202
[LOG] SystemI::createSoundInternal             : exinfo->cbsize             = 224
[LOG] SystemI::createSoundInternal             : exinfo->length             = 594496
[LOG] SystemI::createSoundInternal             : exinfo->fileoffset         = 46464
[LOG] SystemI::createSoundInternal             : exinfo->numsubsounds       = 1
[LOG] SystemI::createSoundInternal             : exinfo->inclusionlist      = 00000054A051EF28
[LOG] SystemI::createSoundInternal             : exinfo->inclusionlistnum   = 1
[LOG] SystemI::createSoundInternal             : exinfo->suggestedsoundtype = 5
[LOG] SystemI::createSoundInternal             : exinfo->useropen           = 00007FFAB0183490
[LOG] SystemI::createSoundInternal             : exinfo->userclose          = 00007FFAB0183450
[LOG] SystemI::createSoundInternal             : exinfo->userread           = 00007FFAB0183570
[LOG] SystemI::createSoundInternal             : exinfo->userseek           = 00007FFAB0183630
[LOG] SystemI::createSoundInternal             : exinfo->fileuserdata       = 0000019B1FCFA418
[LOG] SystemI::createSoundInternal             : exinfo->initialseekpostype = 1
[LOG] SystemI::DSPCodecPoolRegister            : register codec pool for pool type 5
[LOG] SystemI::createSoundInternal             : Sample 0/1: name='cosechando beeps_11', format=5, channels=1, frequency=48000, lengthbytes=480, lengthpcm=1863, pcmblocksize=0, loopstart=0, loopend=0, mode=0x00000000, channelmask=0x00000000, channelorder=0, peakvolume=0.508545.
[LOG] SystemI::createSoundInternal             : Create name='', mode=0x02000202
[LOG] SystemI::createSoundInternal             : exinfo->cbsize             = 224
[LOG] SystemI::createSoundInternal             : exinfo->length             = 594496
[LOG] SystemI::createSoundInternal             : exinfo->fileoffset         = 46464
[LOG] SystemI::createSoundInternal             : exinfo->numsubsounds       = 1
[LOG] SystemI::createSoundInternal             : exinfo->inclusionlist      = 00000054A051EF28
[LOG] SystemI::createSoundInternal             : exinfo->inclusionlistnum   = 1
[LOG] SystemI::createSoundInternal             : exinfo->suggestedsoundtype = 5
[LOG] SystemI::createSoundInternal             : exinfo->useropen           = 00007FFAB0183490
[LOG] SystemI::createSoundInternal             : exinfo->userclose          = 00007FFAB0183450
[LOG] SystemI::createSoundInternal             : exinfo->userread           = 00007FFAB0183570
[LOG] SystemI::createSoundInternal             : exinfo->userseek           = 00007FFAB0183630
[LOG] SystemI::createSoundInternal             : exinfo->fileuserdata       = 0000019B1FCFA418
[LOG] SystemI::createSoundInternal             : exinfo->initialseekpostype = 1
[LOG] SystemI::DSPCodecPoolRegister            : register codec pool for pool type 5
[LOG] SystemI::createSoundInternal             : Sample 0/1: name='cosechando_loop_L1', format=5, channels=1, frequency=48000, lengthbytes=38240, lengthpcm=204242, pcmblocksize=0, loopstart=0, loopend=0, mode=0x00000000, channelmask=0x00000000, channelorder=0, peakvolume=0.300690.
[LOG] SystemI::createSoundInternal             : Create name='', mode=0x02000202
[LOG] SystemI::createSoundInternal             : exinfo->cbsize             = 224
[LOG] SystemI::createSoundInternal             : exinfo->length             = 594496
[LOG] SystemI::createSoundInternal             : exinfo->fileoffset         = 46464
[LOG] SystemI::createSoundInternal             : exinfo->numsubsounds       = 1
[LOG] SystemI::createSoundInternal             : exinfo->inclusionlist      = 00000054A051EF28
[LOG] SystemI::createSoundInternal             : exinfo->inclusionlistnum   = 1
[LOG] SystemI::createSoundInternal             : exinfo->suggestedsoundtype = 5
[LOG] SystemI::createSoundInternal             : exinfo->useropen           = 00007FFAB0183490
[LOG] SystemI::createSoundInternal             : exinfo->userclose          = 00007FFAB0183450
[LOG] SystemI::createSoundInternal             : exinfo->userread           = 00007FFAB0183570
[LOG] SystemI::createSoundInternal             : exinfo->userseek           = 00007FFAB0183630
[LOG] SystemI::createSoundInternal             : exinfo->fileuserdata       = 0000019B1FCFA418
[LOG] SystemI::createSoundInternal             : exinfo->initialseekpostype = 1
[LOG] SystemI::DSPCodecPoolRegister            : register codec pool for pool type 5
[LOG] SystemI::createSoundInternal             : Sample 0/1: name='collect_02', format=5, channels=2, frequency=48000, lengthbytes=21056, lengthpcm=97611, pcmblocksize=0, loopstart=0, loopend=0, mode=0x00000000, channelmask=0x00000000, channelorder=0, peakvolume=0.442413.
[LOG] SystemI::createSoundInternal             : Create name='', mode=0x02000202
[LOG] SystemI::createSoundInternal             : exinfo->cbsize             = 224
[LOG] SystemI::createSoundInternal             : exinfo->length             = 594496
[LOG] SystemI::createSoundInternal             : exinfo->fileoffset         = 46464
[LOG] SystemI::createSoundInternal             : exinfo->numsubsounds       = 1
[LOG] SystemI::createSoundInternal             : exinfo->inclusionlist      = 00000054A051EF28
[LOG] SystemI::createSoundInternal             : exinfo->inclusionlistnum   = 1
[LOG] SystemI::createSoundInternal             : exinfo->suggestedsoundtype = 5
[LOG] SystemI::createSoundInternal             : exinfo->useropen           = 00007FFAB0183490
[LOG] SystemI::createSoundInternal             : exinfo->userclose          = 00007FFAB0183450
[LOG] SystemI::createSoundInternal             : exinfo->userread           = 00007FFAB0183570
[LOG] SystemI::createSoundInternal             : exinfo->userseek           = 00007FFAB0183630
[LOG] SystemI::createSoundInternal             : exinfo->fileuserdata       = 0000019B1FCFA418
[LOG] SystemI::createSoundInternal             : exinfo->initialseekpostype = 1
[LOG] SystemI::DSPCodecPoolRegister            : register codec pool for pool type 5
[LOG] SystemI::createSoundInternal             : Sample 0/1: name='collect_03', format=5, channels=2, frequency=48000, lengthbytes=19616, lengthpcm=77696, pcmblocksize=0, loopstart=0, loopend=0, mode=0x00000000, channelmask=0x00000000, channelorder=0, peakvolume=0.596008.
[LOG] SystemI::createSoundInternal             : Create name='', mode=0x02000202
[LOG] SystemI::createSoundInternal             : exinfo->cbsize             = 224
[LOG] SystemI::createSoundInternal             : exinfo->length             = 594496
[LOG] SystemI::createSoundInternal             : exinfo->fileoffset         = 46464
[LOG] SystemI::createSoundInternal             : exinfo->numsubsounds       = 1
[LOG] SystemI::createSoundInternal             : exinfo->inclusionlist      = 00000054A051EF28
[LOG] SystemI::createSoundInternal             : exinfo->inclusionlistnum   = 1
[LOG] SystemI::createSoundInternal             : exinfo->suggestedsoundtype = 5
[LOG] SystemI::createSoundInternal             : exinfo->useropen           = 00007FFAB0183490
[LOG] SystemI::createSoundInternal             : exinfo->userclose          = 00007FFAB0183450
[LOG] SystemI::createSoundInternal             : exinfo->userread           = 00007FFAB0183570
[LOG] SystemI::createSoundInternal             : exinfo->userseek           = 00007FFAB0183630
[LOG] SystemI::createSoundInternal             : exinfo->fileuserdata       = 0000019B1FCFA418
[LOG] SystemI::createSoundInternal             : exinfo->initialseekpostype = 1
[LOG] SystemI::DSPCodecPoolRegister            : register codec pool for pool type 5
[LOG] SystemI::createSoundInternal             : Sample 0/1: name='cosechando beeps_07', format=5, channels=1, frequency=48000, lengthbytes=480, lengthpcm=1863, pcmblocksize=0, loopstart=0, loopend=0, mode=0x00000000, channelmask=0x00000000, channelorder=0, peakvolume=0.378784.
[LOG] SystemI::createSoundInternal             : Create name='', mode=0x02000202
[LOG] SystemI::createSoundInternal             : exinfo->cbsize             = 224
[LOG] SystemI::createSoundInternal             : exinfo->length             = 594496
[LOG] SystemI::createSoundInternal             : exinfo->fileoffset         = 46464
[LOG] SystemI::createSoundInternal             : exinfo->numsubsounds       = 1
[LOG] SystemI::createSoundInternal             : exinfo->inclusionlist      = 00000054A051EF28
[LOG] SystemI::createSoundInternal             : exinfo->inclusionlistnum   = 1
[LOG] SystemI::createSoundInternal             : exinfo->suggestedsoundtype = 5
[LOG] SystemI::createSoundInternal             : exinfo->useropen           = 00007FFAB0183490
[LOG] SystemI::createSoundInternal             : exinfo->userclose          = 00007FFAB0183450
[LOG] SystemI::createSoundInternal             : exinfo->userread           = 00007FFAB0183570
[LOG] SystemI::createSoundInternal             : exinfo->userseek           = 00007FFAB0183630
[LOG] SystemI::createSoundInternal             : exinfo->fileuserdata       = 0000019B1FCFA418
[LOG] SystemI::createSoundInternal             : exinfo->initialseekpostype = 1
[LOG] SystemI::DSPCodecPoolRegister            : register codec pool for pool type 5
[LOG] SystemI::createSoundInternal             : Sample 0/1: name='cosechando beeps_02', format=5, channels=1, frequency=48000, lengthbytes=448, lengthpcm=1815, pcmblocksize=0, loopstart=0, loopend=0, mode=0x00000000, channelmask=0x00000000, channelorder=0, peakvolume=0.251984.
[LOG] SystemI::createSoundInternal             : Create name='', mode=0x02000202
[LOG] SystemI::createSoundInternal             : exinfo->cbsize             = 224
[LOG] SystemI::createSoundInternal             : exinfo->length             = 594496
[LOG] SystemI::createSoundInternal             : exinfo->fileoffset         = 46464
[LOG] SystemI::createSoundInternal             : exinfo->numsubsounds       = 1
[LOG] SystemI::createSoundInternal             : exinfo->inclusionlist      = 00000054A051EF28
[LOG] SystemI::createSoundInternal             : exinfo->inclusionlistnum   = 1
[LOG] SystemI::createSoundInternal             : exinfo->suggestedsoundtype = 5
[LOG] SystemI::createSoundInternal             : exinfo->useropen           = 00007FFAB0183490
[LOG] SystemI::createSoundInternal             : exinfo->userclose          = 00007FFAB0183450
[LOG] SystemI::createSoundInternal             : exinfo->userread           = 00007FFAB0183570
[LOG] SystemI::createSoundInternal             : exinfo->userseek           = 00007FFAB0183630
[LOG] SystemI::createSoundInternal             : exinfo->fileuserdata       = 0000019B1FCFA418
[LOG] SystemI::createSoundInternal             : exinfo->initialseekpostype = 1
[LOG] SystemI::DSPCodecPoolRegister            : register codec pool for pool type 5
[LOG] SystemI::createSoundInternal             : Sample 0/1: name='collect_01', format=5, channels=2, frequency=48000, lengthbytes=23488, lengthpcm=102840, pcmblocksize=0, loopstart=0, loopend=0, mode=0x00000000, channelmask=0x00000000, channelorder=0, peakvolume=0.655945.
[LOG] SystemI::createSoundInternal             : Create name='', mode=0x02000202
[LOG] SystemI::createSoundInternal             : exinfo->cbsize             = 224
[LOG] SystemI::createSoundInternal             : exinfo->length             = 594496
[LOG] SystemI::createSoundInternal             : exinfo->fileoffset         = 46464
[LOG] SystemI::createSoundInternal             : exinfo->numsubsounds       = 1
[LOG] SystemI::createSoundInternal             : exinfo->inclusionlist      = 00000054A051EF28
[LOG] SystemI::createSoundInternal             : exinfo->inclusionlistnum   = 1
[LOG] SystemI::createSoundInternal             : exinfo->suggestedsoundtype = 5
[LOG] SystemI::createSoundInternal             : exinfo->useropen           = 00007FFAB0183490
[LOG] SystemI::createSoundInternal             : exinfo->userclose          = 00007FFAB0183450
[LOG] SystemI::createSoundInternal             : exinfo->userread           = 00007FFAB0183570
[LOG] SystemI::createSoundInternal             : exinfo->userseek           = 00007FFAB0183630
[LOG] SystemI::createSoundInternal             : exinfo->fileuserdata       = 0000019B1FCFA418
[LOG] SystemI::createSoundInternal             : exinfo->initialseekpostype = 1
[LOG] SystemI::DSPCodecPoolRegister            : register codec pool for pool type 5
[LOG] SystemI::createSoundInternal             : Sample 0/1: name='cosechando beeps_13', format=5, channels=1, frequency=48000, lengthbytes=544, lengthpcm=1998, pcmblocksize=0, loopstart=0, loopend=0, mode=0x00000000, channelmask=0x00000000, channelorder=0, peakvolume=0.507385.
[LOG] SystemI::createSoundInternal             : Create name='', mode=0x02000202
[LOG] SystemI::createSoundInternal             : exinfo->cbsize             = 224
[LOG] SystemI::createSoundInternal             : exinfo->length             = 594496
[LOG] SystemI::createSoundInternal             : exinfo->fileoffset         = 46464
[LOG] SystemI::createSoundInternal             : exinfo->numsubsounds       = 1
[LOG] SystemI::createSoundInternal             : exinfo->inclusionlist      = 00000054A051EF28
[LOG] SystemI::createSoundInternal             : exinfo->inclusionlistnum   = 1
[LOG] SystemI::createSoundInternal             : exinfo->suggestedsoundtype = 5
[LOG] SystemI::createSoundInternal             : exinfo->useropen           = 00007FFAB0183490
[LOG] SystemI::createSoundInternal             : exinfo->userclose          = 00007FFAB0183450
[LOG] SystemI::createSoundInternal             : exinfo->userread           = 00007FFAB0183570
[LOG] SystemI::createSoundInternal             : exinfo->userseek           = 00007FFAB0183630
[LOG] SystemI::createSoundInternal             : exinfo->fileuserdata       = 0000019B1FCFA418
[LOG] SystemI::createSoundInternal             : exinfo->initialseekpostype = 1
[LOG] SystemI::DSPCodecPoolRegister            : register codec pool for pool type 5
[LOG] SystemI::createSoundInternal             : Sample 0/1: name='cosechando beeps_05', format=5, channels=1, frequency=48000, lengthbytes=448, lengthpcm=1811, pcmblocksize=0, loopstart=0, loopend=0, mode=0x00000000, channelmask=0x00000000, channelorder=0, peakvolume=0.353607.
[LOG] SystemI::createSoundInternal             : Create name='', mode=0x02000202
[LOG] SystemI::createSoundInternal             : exinfo->cbsize             = 224
[LOG] SystemI::createSoundInternal             : exinfo->length             = 594496
[LOG] SystemI::createSoundInternal             : exinfo->fileoffset         = 46464
[LOG] SystemI::createSoundInternal             : exinfo->numsubsounds       = 1
[LOG] SystemI::createSoundInternal             : exinfo->inclusionlist      = 00000054A051EF28
[LOG] SystemI::createSoundInternal             : exinfo->inclusionlistnum   = 1
[LOG] SystemI::createSoundInternal             : exinfo->suggestedsoundtype = 5
[LOG] SystemI::createSoundInternal             : exinfo->useropen           = 00007FFAB0183490
[LOG] SystemI::createSoundInternal             : exinfo->userclose          = 00007FFAB0183450
[LOG] SystemI::createSoundInternal             : exinfo->userread           = 00007FFAB0183570
[LOG] SystemI::createSoundInternal             : exinfo->userseek           = 00007FFAB0183630
[LOG] SystemI::createSoundInternal             : exinfo->fileuserdata       = 0000019B1FCFA418
[LOG] SystemI::createSoundInternal             : exinfo->initialseekpostype = 1
[LOG] SystemI::DSPCodecPoolRegister            : register codec pool for pool type 5
[LOG] SystemI::createSoundInternal             : Sample 0/1: name='cosechando_loop_L2', format=5, channels=1, frequency=48000, lengthbytes=21888, lengthpcm=121765, pcmblocksize=0, loopstart=0, loopend=0, mode=0x00000000, channelmask=0x00000000, channelorder=0, peakvolume=0.222504.
[LOG] SystemI::createSoundInternal             : Create name='', mode=0x02000202
[LOG] SystemI::createSoundInternal             : exinfo->cbsize             = 224
[LOG] SystemI::createSoundInternal             : exinfo->length             = 594496
[LOG] SystemI::createSoundInternal             : exinfo->fileoffset         = 46464
[LOG] SystemI::createSoundInternal             : exinfo->numsubsounds       = 1
[LOG] SystemI::createSoundInternal             : exinfo->inclusionlist      = 00000054A051EF28
[LOG] SystemI::createSoundInternal             : exinfo->inclusionlistnum   = 1
[LOG] SystemI::createSoundInternal             : exinfo->suggestedsoundtype = 5
[LOG] SystemI::createSoundInternal             : exinfo->useropen           = 00007FFAB0183490
[LOG] SystemI::createSoundInternal             : exinfo->userclose          = 00007FFAB0183450
[LOG] SystemI::createSoundInternal             : exinfo->userread           = 00007FFAB0183570
[LOG] SystemI::createSoundInternal             : exinfo->userseek           = 00007FFAB0183630
[LOG] SystemI::createSoundInternal             : exinfo->fileuserdata       = 0000019B1FCFA418
[LOG] SystemI::createSoundInternal             : exinfo->initialseekpostype = 1
[LOG] SystemI::DSPCodecPoolRegister            : register codec pool for pool type 5
[LOG] SystemI::createSoundInternal             : Sample 0/1: name='cosechando beeps_09', format=5, channels=1, frequency=48000, lengthbytes=448, lengthpcm=1758, pcmblocksize=0, loopstart=0, loopend=0, mode=0x00000000, channelmask=0x00000000, channelorder=0, peakvolume=0.459625.
[LOG] SystemI::createSoundInternal             : Create name='', mode=0x02000202
[LOG] SystemI::createSoundInternal             : exinfo->cbsize             = 224
[LOG] SystemI::createSoundInternal             : exinfo->length             = 594496
[LOG] SystemI::createSoundInternal             : exinfo->fileoffset         = 46464
[LOG] SystemI::createSoundInternal             : exinfo->numsubsounds       = 1
[LOG] SystemI::createSoundInternal             : exinfo->inclusionlist      = 00000054A051EF28
[LOG] SystemI::createSoundInternal             : exinfo->inclusionlistnum   = 1
[LOG] SystemI::createSoundInternal             : exinfo->suggestedsoundtype = 5
[LOG] SystemI::createSoundInternal             : exinfo->useropen           = 00007FFAB0183490
[LOG] SystemI::createSoundInternal             : exinfo->userclose          = 00007FFAB0183450
[LOG] SystemI::createSoundInternal             : exinfo->userread           = 00007FFAB0183570
[LOG] SystemI::createSoundInternal             : exinfo->userseek           = 00007FFAB0183630
[LOG] SystemI::createSoundInternal             : exinfo->fileuserdata       = 0000019B1FCFA418
[LOG] SystemI::createSoundInternal             : exinfo->initialseekpostype = 1
[LOG] SystemI::DSPCodecPoolRegister            : register codec pool for pool type 5
[LOG] SystemI::createSoundInternal             : Sample 0/1: name='cosechando beeps_08', format=5, channels=1, frequency=48000, lengthbytes=512, lengthpcm=1928, pcmblocksize=0, loopstart=0, loopend=0, mode=0x00000000, channelmask=0x00000000, channelorder=0, peakvolume=0.405670.
[LOG] SystemI::createSoundInternal             : Create name='', mode=0x02000202
[LOG] SystemI::createSoundInternal             : exinfo->cbsize             = 224
[LOG] SystemI::createSoundInternal             : exinfo->length             = 594496
[LOG] SystemI::createSoundInternal             : exinfo->fileoffset         = 46464
[LOG] SystemI::createSoundInternal             : exinfo->numsubsounds       = 1
[LOG] SystemI::createSoundInternal             : exinfo->inclusionlist      = 00000054A051EF28
[LOG] SystemI::createSoundInternal             : exinfo->inclusionlistnum   = 1
[LOG] SystemI::createSoundInternal             : exinfo->suggestedsoundtype = 5
[LOG] SystemI::createSoundInternal             : exinfo->useropen           = 00007FFAB0183490
[LOG] SystemI::createSoundInternal             : exinfo->userclose          = 00007FFAB0183450
[LOG] SystemI::createSoundInternal             : exinfo->userread           = 00007FFAB0183570
[LOG] SystemI::createSoundInternal             : exinfo->userseek           = 00007FFAB0183630
[LOG] SystemI::createSoundInternal             : exinfo->fileuserdata       = 0000019B1FCFA418
[LOG] SystemI::createSoundInternal             : exinfo->initialseekpostype = 1
[LOG] SystemI::DSPCodecPoolRegister            : register codec pool for pool type 5
[LOG] SystemI::createSoundInternal             : Sample 0/1: name='cosechando beeps_10', format=5, channels=1, frequency=48000, lengthbytes=512, lengthpcm=1954, pcmblocksize=0, loopstart=0, loopend=0, mode=0x00000000, channelmask=0x00000000, channelorder=0, peakvolume=0.491821.
[LOG] SystemI::createSoundInternal             : Create name='', mode=0x02000202
[LOG] SystemI::createSoundInternal             : exinfo->cbsize             = 224
[LOG] SystemI::createSoundInternal             : exinfo->length             = 594496
[LOG] SystemI::createSoundInternal             : exinfo->fileoffset         = 46464
[LOG] SystemI::createSoundInternal             : exinfo->numsubsounds       = 1
[LOG] SystemI::createSoundInternal             : exinfo->inclusionlist      = 00000054A051EF28
[LOG] SystemI::createSoundInternal             : exinfo->inclusionlistnum   = 1
[LOG] SystemI::createSoundInternal             : exinfo->suggestedsoundtype = 5
[LOG] SystemI::createSoundInternal             : exinfo->useropen           = 00007FFAB0183490
[LOG] SystemI::createSoundInternal             : exinfo->userclose          = 00007FFAB0183450
[LOG] SystemI::createSoundInternal             : exinfo->userread           = 00007FFAB0183570
[LOG] SystemI::createSoundInternal             : exinfo->userseek           = 00007FFAB0183630
[LOG] SystemI::createSoundInternal             : exinfo->fileuserdata       = 0000019B1FCFA418
[LOG] SystemI::createSoundInternal             : exinfo->initialseekpostype = 1
[LOG] SystemI::DSPCodecPoolRegister            : register codec pool for pool type 5
[LOG] SystemI::createSoundInternal             : Sample 0/1: name='cosechando beeps_03', format=5, channels=1, frequency=48000, lengthbytes=480, lengthpcm=1811, pcmblocksize=0, loopstart=0, loopend=0, mode=0x00000000, channelmask=0x00000000, channelorder=0, peakvolume=0.321289.
[LOG] SystemI::createSoundInternal             : Create name='', mode=0x02000202
[LOG] SystemI::createSoundInternal             : exinfo->cbsize             = 224
[LOG] SystemI::createSoundInternal             : exinfo->length             = 594496
[LOG] SystemI::createSoundInternal             : exinfo->fileoffset         = 46464
[LOG] SystemI::createSoundInternal             : exinfo->numsubsounds       = 1
[LOG] SystemI::createSoundInternal             : exinfo->inclusionlist      = 00000054A051EF28
[LOG] SystemI::createSoundInternal             : exinfo->inclusionlistnum   = 1
[LOG] SystemI::createSoundInternal             : exinfo->suggestedsoundtype = 5
[LOG] SystemI::createSoundInternal             : exinfo->useropen           = 00007FFAB0183490
[LOG] SystemI::createSoundInternal             : exinfo->userclose          = 00007FFAB0183450
[LOG] SystemI::createSoundInternal             : exinfo->userread           = 00007FFAB0183570
[LOG] SystemI::createSoundInternal             : exinfo->userseek           = 00007FFAB0183630
[LOG] SystemI::createSoundInternal             : exinfo->fileuserdata       = 0000019B1FCFA418
[LOG] SystemI::createSoundInternal             : exinfo->initialseekpostype = 1
[LOG] SystemI::DSPCodecPoolRegister            : register codec pool for pool type 5
[LOG] SystemI::createSoundInternal             : Sample 0/1: name='cosechando beeps_12', format=5, channels=1, frequency=48000, lengthbytes=448, lengthpcm=1785, pcmblocksize=0, loopstart=0, loopend=0, mode=0x00000000, channelmask=0x00000000, channelorder=0, peakvolume=0.523712.
[LOG] SystemI::createSoundInternal             : Create name='', mode=0x02000202
[LOG] SystemI::createSoundInternal             : exinfo->cbsize             = 224
[LOG] SystemI::createSoundInternal             : exinfo->length             = 594496
[LOG] SystemI::createSoundInternal             : exinfo->fileoffset         = 46464
[LOG] SystemI::createSoundInternal             : exinfo->numsubsounds       = 1
[LOG] SystemI::createSoundInternal             : exinfo->inclusionlist      = 00000054A051EF28
[LOG] SystemI::createSoundInternal             : exinfo->inclusionlistnum   = 1
[LOG] SystemI::createSoundInternal             : exinfo->suggestedsoundtype = 5
[LOG] SystemI::createSoundInternal             : exinfo->useropen           = 00007FFAB0183490
[LOG] SystemI::createSoundInternal             : exinfo->userclose          = 00007FFAB0183450
[LOG] SystemI::createSoundInternal             : exinfo->userread           = 00007FFAB0183570
[LOG] SystemI::createSoundInternal             : exinfo->userseek           = 00007FFAB0183630
[LOG] SystemI::createSoundInternal             : exinfo->fileuserdata       = 0000019B1FCFA418
[LOG] SystemI::createSoundInternal             : exinfo->initialseekpostype = 1
[LOG] SystemI::DSPCodecPoolRegister            : register codec pool for pool type 5
[LOG] SystemI::createSoundInternal             : Sample 0/1: name='cosechando beeps_06', format=5, channels=1, frequency=48000, lengthbytes=480, lengthpcm=1902, pcmblocksize=0, loopstart=0, loopend=0, mode=0x00000000, channelmask=0x00000000, channelorder=0, peakvolume=0.387177.
[LOG] SystemI::createSoundInternal             : Create name='', mode=0x02000202
[LOG] SystemI::createSoundInternal             : exinfo->cbsize             = 224
[LOG] SystemI::createSoundInternal             : exinfo->length             = 594496
[LOG] SystemI::createSoundInternal             : exinfo->fileoffset         = 46464
[LOG] SystemI::createSoundInternal             : exinfo->numsubsounds       = 1
[LOG] SystemI::createSoundInternal             : exinfo->inclusionlist      = 00000054A051EF28
[LOG] SystemI::createSoundInternal             : exinfo->inclusionlistnum   = 1
[LOG] SystemI::createSoundInternal             : exinfo->suggestedsoundtype = 5
[LOG] SystemI::createSoundInternal             : exinfo->useropen           = 00007FFAB0183490
[LOG] SystemI::createSoundInternal             : exinfo->userclose          = 00007FFAB0183450
[LOG] SystemI::createSoundInternal             : exinfo->userread           = 00007FFAB0183570
[LOG] SystemI::createSoundInternal             : exinfo->userseek           = 00007FFAB0183630
[LOG] SystemI::createSoundInternal             : exinfo->fileuserdata       = 0000019B1FCFA418
[LOG] SystemI::createSoundInternal             : exinfo->initialseekpostype = 1
[LOG] SystemI::DSPCodecPoolRegister            : register codec pool for pool type 5
[LOG] SystemI::createSoundInternal             : Sample 0/1: name='cosechando beeps_04', format=5, channels=1, frequency=48000, lengthbytes=448, lengthpcm=1785, pcmblocksize=0, loopstart=0, loopend=0, mode=0x00000000, channelmask=0x00000000, channelorder=0, peakvolume=0.352539.
[LOG] SystemI::createSoundInternal             : Create name='', mode=0x02000202
[LOG] SystemI::createSoundInternal             : exinfo->cbsize             = 224
[LOG] SystemI::createSoundInternal             : exinfo->length             = 594496
[LOG] SystemI::createSoundInternal             : exinfo->fileoffset         = 46464
[LOG] SystemI::createSoundInternal             : exinfo->numsubsounds       = 1
[LOG] SystemI::createSoundInternal             : exinfo->inclusionlist      = 00000054A051EF28
[LOG] SystemI::createSoundInternal             : exinfo->inclusionlistnum   = 1
[LOG] SystemI::createSoundInternal             : exinfo->suggestedsoundtype = 5
[LOG] SystemI::createSoundInternal             : exinfo->useropen           = 00007FFAB0183490
[LOG] SystemI::createSoundInternal             : exinfo->userclose          = 00007FFAB0183450
[LOG] SystemI::createSoundInternal             : exinfo->userread           = 00007FFAB0183570
[LOG] SystemI::createSoundInternal             : exinfo->userseek           = 00007FFAB0183630
[LOG] SystemI::createSoundInternal             : exinfo->fileuserdata       = 00000199DD016808
[LOG] SystemI::createSoundInternal             : exinfo->initialseekpostype = 1
[LOG] SystemI::DSPCodecPoolRegister            : register codec pool for pool type 5
[LOG] SystemI::createSoundInternal             : Sample 0/1: name='ArracachaMan_Voz_Cosecha_P1_01', format=5, channels=1, frequency=48000, lengthbytes=9792, lengthpcm=56648, pcmblocksize=0, loopstart=0, loopend=0, mode=0x00000000, channelmask=0x00000000, channelorder=0, peakvolume=0.892151.
[LOG] SystemI::createSoundInternal             : Create name='', mode=0x02000202
[LOG] SystemI::createSoundInternal             : exinfo->cbsize             = 224
[LOG] SystemI::createSoundInternal             : exinfo->length             = 594496
[LOG] SystemI::createSoundInternal             : exinfo->fileoffset         = 46464
[LOG] SystemI::createSoundInternal             : exinfo->numsubsounds       = 1
[LOG] SystemI::createSoundInternal             : exinfo->inclusionlist      = 00000054A051EF28
[LOG] SystemI::createSoundInternal             : exinfo->inclusionlistnum   = 1
[LOG] SystemI::createSoundInternal             : exinfo->suggestedsoundtype = 5
[LOG] SystemI::createSoundInternal             : exinfo->useropen           = 00007FFAB0183490
[LOG] SystemI::createSoundInternal             : exinfo->userclose          = 00007FFAB0183450
[LOG] SystemI::createSoundInternal             : exinfo->userread           = 00007FFAB0183570
[LOG] SystemI::createSoundInternal             : exinfo->userseek           = 00007FFAB0183630
[LOG] SystemI::createSoundInternal             : exinfo->fileuserdata       = 00000199DD016808
[LOG] SystemI::createSoundInternal             : exinfo->initialseekpostype = 1
[LOG] SystemI::DSPCodecPoolRegister            : register codec pool for pool type 5
[LOG] SystemI::createSoundInternal             : Sample 0/1: name='ArracachaMan_Voz_Cosecha_P3_02', format=5, channels=1, frequency=48000, lengthbytes=5216, lengthpcm=31149, pcmblocksize=0, loopstart=0, loopend=0, mode=0x00000000, channelmask=0x00000000, channelorder=0, peakvolume=0.607849.
[LOG] SystemI::createSoundInternal             : Create name='', mode=0x02000202
[LOG] SystemI::createSoundInternal             : exinfo->cbsize             = 224
[LOG] SystemI::createSoundInternal             : exinfo->length             = 594496
[LOG] SystemI::createSoundInternal             : exinfo->fileoffset         = 46464
[LOG] SystemI::createSoundInternal             : exinfo->numsubsounds       = 1
[LOG] SystemI::createSoundInternal             : exinfo->inclusionlist      = 00000054A051EF28
[LOG] SystemI::createSoundInternal             : exinfo->inclusionlistnum   = 1
[LOG] SystemI::createSoundInternal             : exinfo->suggestedsoundtype = 5
[LOG] SystemI::createSoundInternal             : exinfo->useropen           = 00007FFAB0183490
[LOG] SystemI::createSoundInternal             : exinfo->userclose          = 00007FFAB0183450
[LOG] SystemI::createSoundInternal             : exinfo->userread           = 00007FFAB0183570
[LOG] SystemI::createSoundInternal             : exinfo->userseek           = 00007FFAB0183630
[LOG] SystemI::createSoundInternal             : exinfo->fileuserdata       = 00000199DD016808
[LOG] SystemI::createSoundInternal             : exinfo->initialseekpostype = 1
[LOG] SystemI::DSPCodecPoolRegister            : register codec pool for pool type 5
[LOG] SystemI::createSoundInternal             : Sample 0/1: name='ArracachaMan_Voz_Cosecha_P1_03', format=5, channels=1, frequency=48000, lengthbytes=10080, lengthpcm=56287, pcmblocksize=0, loopstart=0, loopend=0, mode=0x00000000, channelmask=0x00000000, channelorder=0, peakvolume=0.992157.
[LOG] SystemI::createSoundInternal             : Create name='', mode=0x02000202
[LOG] SystemI::createSoundInternal             : exinfo->cbsize             = 224
[LOG] SystemI::createSoundInternal             : exinfo->length             = 594496
[LOG] SystemI::createSoundInternal             : exinfo->fileoffset         = 46464
[LOG] SystemI::createSoundInternal             : exinfo->numsubsounds       = 1
[LOG] SystemI::createSoundInternal             : exinfo->inclusionlist      = 00000054A051EF28
[LOG] SystemI::createSoundInternal             : exinfo->inclusionlistnum   = 1
[LOG] SystemI::createSoundInternal             : exinfo->suggestedsoundtype = 5
[LOG] SystemI::createSoundInternal             : exinfo->useropen           = 00007FFAB0183490
[LOG] SystemI::createSoundInternal             : exinfo->userclose          = 00007FFAB0183450
[LOG] SystemI::createSoundInternal             : exinfo->userread           = 00007FFAB0183570
[LOG] SystemI::createSoundInternal             : exinfo->userseek           = 00007FFAB0183630
[LOG] SystemI::createSoundInternal             : exinfo->fileuserdata       = 00000199DD016808
[LOG] SystemI::createSoundInternal             : exinfo->initialseekpostype = 1
[LOG] SystemI::DSPCodecPoolRegister            : register codec pool for pool type 5
[LOG] SystemI::createSoundInternal             : Sample 0/1: name='ArracachaMan_Voz_Cosecha_P3_01', format=5, channels=1, frequency=48000, lengthbytes=5920, lengthpcm=38639, pcmblocksize=0, loopstart=0, loopend=0, mode=0x00000000, channelmask=0x00000000, channelorder=0, peakvolume=0.490784.
[LOG] SystemI::createSoundInternal             : Create name='', mode=0x02000202
[LOG] SystemI::createSoundInternal             : exinfo->cbsize             = 224
[LOG] SystemI::createSoundInternal             : exinfo->length             = 594496
[LOG] SystemI::createSoundInternal             : exinfo->fileoffset         = 46464
[LOG] SystemI::createSoundInternal             : exinfo->numsubsounds       = 1
[LOG] SystemI::createSoundInternal             : exinfo->inclusionlist      = 00000054A051EF28
[LOG] SystemI::createSoundInternal             : exinfo->inclusionlistnum   = 1
[LOG] SystemI::createSoundInternal             : exinfo->suggestedsoundtype = 5
[LOG] SystemI::createSoundInternal             : exinfo->useropen           = 00007FFAB0183490
[LOG] SystemI::createSoundInternal             : exinfo->userclose          = 00007FFAB0183450
[LOG] SystemI::createSoundInternal             : exinfo->userread           = 00007FFAB0183570
[LOG] SystemI::createSoundInternal             : exinfo->userseek           = 00007FFAB0183630
[LOG] SystemI::createSoundInternal             : exinfo->fileuserdata       = 00000199DD016808
[LOG] SystemI::createSoundInternal             : exinfo->initialseekpostype = 1
[LOG] SystemI::DSPCodecPoolRegister            : register codec pool for pool type 5
[LOG] SystemI::createSoundInternal             : Sample 0/1: name='ArracachaMan_Voz_Cosecha_P3_04', format=5, channels=1, frequency=48000, lengthbytes=5856, lengthpcm=36341, pcmblocksize=0, loopstart=0, loopend=0, mode=0x00000000, channelmask=0x00000000, channelorder=0, peakvolume=0.712830.
[LOG] SystemI::createSoundInternal             : Create name='', mode=0x02000202
[LOG] SystemI::createSoundInternal             : exinfo->cbsize             = 224
[LOG] SystemI::createSoundInternal             : exinfo->length             = 594496
[LOG] SystemI::createSoundInternal             : exinfo->fileoffset         = 46464
[LOG] SystemI::createSoundInternal             : exinfo->numsubsounds       = 1
[LOG] SystemI::createSoundInternal             : exinfo->inclusionlist      = 00000054A051EF28
[LOG] SystemI::createSoundInternal             : exinfo->inclusionlistnum   = 1
[LOG] SystemI::createSoundInternal             : exinfo->suggestedsoundtype = 5
[LOG] SystemI::createSoundInternal             : exinfo->useropen           = 00007FFAB0183490
[LOG] SystemI::createSoundInternal             : exinfo->userclose          = 00007FFAB0183450
[LOG] SystemI::createSoundInternal             : exinfo->userread           = 00007FFAB0183570
[LOG] SystemI::createSoundInternal             : exinfo->userseek           = 00007FFAB0183630
[LOG] SystemI::createSoundInternal             : exinfo->fileuserdata       = 00000199DD016808
[LOG] SystemI::createSoundInternal             : exinfo->initialseekpostype = 1
[LOG] SystemI::DSPCodecPoolRegister            : register codec pool for pool type 5
[LOG] SystemI::createSoundInternal             : Sample 0/1: name='ArracachaMan_Voz_Cosecha_P1_02', format=5, channels=1, frequency=48000, lengthbytes=9728, lengthpcm=57953, pcmblocksize=0, loopstart=0, loopend=0, mode=0x00000000, channelmask=0x00000000, channelorder=0, peakvolume=0.999969.
[LOG] SystemI::createSoundInternal             : Create name='', mode=0x02000202
[LOG] SystemI::createSoundInternal             : exinfo->cbsize             = 224
[LOG] SystemI::createSoundInternal             : exinfo->length             = 594496
[LOG] SystemI::createSoundInternal             : exinfo->fileoffset         = 46464
[LOG] SystemI::createSoundInternal             : exinfo->numsubsounds       = 1
[LOG] SystemI::createSoundInternal             : exinfo->inclusionlist      = 00000054A051EF28
[LOG] SystemI::createSoundInternal             : exinfo->inclusionlistnum   = 1
[LOG] SystemI::createSoundInternal             : exinfo->suggestedsoundtype = 5
[LOG] SystemI::createSoundInternal             : exinfo->useropen           = 00007FFAB0183490
[LOG] SystemI::createSoundInternal             : exinfo->userclose          = 00007FFAB0183450
[LOG] SystemI::createSoundInternal             : exinfo->userread           = 00007FFAB0183570
[LOG] SystemI::createSoundInternal             : exinfo->userseek           = 00007FFAB0183630
[LOG] SystemI::createSoundInternal             : exinfo->fileuserdata       = 00000199DD016808
[LOG] SystemI::createSoundInternal             : exinfo->initialseekpostype = 1
[LOG] SystemI::DSPCodecPoolRegister            : register codec pool for pool type 5
[LOG] SystemI::createSoundInternal             : Sample 0/1: name='ArracachaMan_Voz_Cosecha_P1_04', format=5, channels=1, frequency=48000, lengthbytes=11840, lengthpcm=71597, pcmblocksize=0, loopstart=0, loopend=0, mode=0x00000000, channelmask=0x00000000, channelorder=0, peakvolume=0.999969.
[LOG] SystemI::createSoundInternal             : Create name='', mode=0x02000202
[LOG] SystemI::createSoundInternal             : exinfo->cbsize             = 224
[LOG] SystemI::createSoundInternal             : exinfo->length             = 594496
[LOG] SystemI::createSoundInternal             : exinfo->fileoffset         = 46464
[LOG] SystemI::createSoundInternal             : exinfo->numsubsounds       = 1
[LOG] SystemI::createSoundInternal             : exinfo->inclusionlist      = 00000054A051EF28
[LOG] SystemI::createSoundInternal             : exinfo->inclusionlistnum   = 1
[LOG] SystemI::createSoundInternal             : exinfo->suggestedsoundtype = 5
[LOG] SystemI::createSoundInternal             : exinfo->useropen           = 00007FFAB0183490
[LOG] SystemI::createSoundInternal             : exinfo->userclose          = 00007FFAB0183450
[LOG] SystemI::createSoundInternal             : exinfo->userread           = 00007FFAB0183570
[LOG] SystemI::createSoundInternal             : exinfo->userseek           = 00007FFAB0183630
[LOG] SystemI::createSoundInternal             : exinfo->fileuserdata       = 00000199DD016808
[LOG] SystemI::createSoundInternal             : exinfo->initialseekpostype = 1
[LOG] SystemI::DSPCodecPoolRegister            : register codec pool for pool type 5
[LOG] SystemI::createSoundInternal             : Sample 0/1: name='ArracachaMan_Voz_Cosecha_P3_03', format=5, channels=1, frequency=48000, lengthbytes=6112, lengthpcm=36913, pcmblocksize=0, loopstart=0, loopend=0, mode=0x00000000, channelmask=0x00000000, channelorder=0, peakvolume=0.999969.
[LOG] SystemI::createSoundInternal             : Create name='', mode=0x02000202
[LOG] SystemI::createSoundInternal             : exinfo->cbsize             = 224
[LOG] SystemI::createSoundInternal             : exinfo->length             = 594496
[LOG] SystemI::createSoundInternal             : exinfo->fileoffset         = 46464
[LOG] SystemI::createSoundInternal             : exinfo->numsubsounds       = 1
[LOG] SystemI::createSoundInternal             : exinfo->inclusionlist      = 00000054A051EF28
[LOG] SystemI::createSoundInternal             : exinfo->inclusionlistnum   = 1
[LOG] SystemI::createSoundInternal             : exinfo->suggestedsoundtype = 5
[LOG] SystemI::createSoundInternal             : exinfo->useropen           = 00007FFAB0183490
[LOG] SystemI::createSoundInternal             : exinfo->userclose          = 00007FFAB0183450
[LOG] SystemI::createSoundInternal             : exinfo->userread           = 00007FFAB0183570
[LOG] SystemI::createSoundInternal             : exinfo->userseek           = 00007FFAB0183630
[LOG] SystemI::createSoundInternal             : exinfo->fileuserdata       = 00000199DD016808
[LOG] SystemI::createSoundInternal             : exinfo->initialseekpostype = 1
[LOG] SystemI::DSPCodecPoolRegister            : register codec pool for pool type 5
[LOG] SystemI::createSoundInternal             : Sample 0/1: name='ArracachaMan_Voz_Cosecha_P2_03', format=5, channels=1, frequency=48000, lengthbytes=12032, lengthpcm=76150, pcmblocksize=0, loopstart=0, loopend=0, mode=0x00000000, channelmask=0x00000000, channelorder=0, peakvolume=0.508636.
[LOG] SystemI::createSoundInternal             : Create name='', mode=0x02000202
[LOG] SystemI::createSoundInternal             : exinfo->cbsize             = 224
[LOG] SystemI::createSoundInternal             : exinfo->length             = 594496
[LOG] SystemI::createSoundInternal             : exinfo->fileoffset         = 46464
[LOG] SystemI::createSoundInternal             : exinfo->numsubsounds       = 1
[LOG] SystemI::createSoundInternal             : exinfo->inclusionlist      = 00000054A051EF28
[LOG] SystemI::createSoundInternal             : exinfo->inclusionlistnum   = 1
[LOG] SystemI::createSoundInternal             : exinfo->suggestedsoundtype = 5
[LOG] SystemI::createSoundInternal             : exinfo->useropen           = 00007FFAB0183490
[LOG] SystemI::createSoundInternal             : exinfo->userclose          = 00007FFAB0183450
[LOG] SystemI::createSoundInternal             : exinfo->userread           = 00007FFAB0183570
[LOG] SystemI::createSoundInternal             : exinfo->userseek           = 00007FFAB0183630
[LOG] SystemI::createSoundInternal             : exinfo->fileuserdata       = 00000199DD016808
[LOG] SystemI::createSoundInternal             : exinfo->initialseekpostype = 1
[LOG] SystemI::DSPCodecPoolRegister            : register codec pool for pool type 5
[LOG] SystemI::createSoundInternal             : Sample 0/1: name='ArracachaMan_Voz_Cosecha_P2_02', format=5, channels=1, frequency=48000, lengthbytes=12192, lengthpcm=74484, pcmblocksize=0, loopstart=0, loopend=0, mode=0x00000000, channelmask=0x00000000, channelorder=0, peakvolume=0.523956.
[LOG] SystemI::createSoundInternal             : Create name='', mode=0x02000202
[LOG] SystemI::createSoundInternal             : exinfo->cbsize             = 224
[LOG] SystemI::createSoundInternal             : exinfo->length             = 594496
[LOG] SystemI::createSoundInternal             : exinfo->fileoffset         = 46464
[LOG] SystemI::createSoundInternal             : exinfo->numsubsounds       = 1
[LOG] SystemI::createSoundInternal             : exinfo->inclusionlist      = 00000054A051EF28
[LOG] SystemI::createSoundInternal             : exinfo->inclusionlistnum   = 1
[LOG] SystemI::createSoundInternal             : exinfo->suggestedsoundtype = 5
[LOG] SystemI::createSoundInternal             : exinfo->useropen           = 00007FFAB0183490
[LOG] SystemI::createSoundInternal             : exinfo->userclose          = 00007FFAB0183450
[LOG] SystemI::createSoundInternal             : exinfo->userread           = 00007FFAB0183570
[LOG] SystemI::createSoundInternal             : exinfo->userseek           = 00007FFAB0183630
[LOG] SystemI::createSoundInternal             : exinfo->fileuserdata       = 00000199DD016808
[LOG] SystemI::createSoundInternal             : exinfo->initialseekpostype = 1
[LOG] SystemI::DSPCodecPoolRegister            : register codec pool for pool type 5
[LOG] SystemI::createSoundInternal             : Sample 0/1: name='ArracachaMan_Voz_Cosecha_P2_01', format=5, channels=1, frequency=48000, lengthbytes=11680, lengthpcm=71291, pcmblocksize=0, loopstart=0, loopend=0, mode=0x00000000, channelmask=0x00000000, channelorder=0, peakvolume=0.588470.
[LOG] SoundI::release                          :  (0000019AFC993088)
[LOG] SoundI::release                          :     spawn_L2 (0000019A34690678)
[LOG] SoundI::release                          :  (0000019AFC992F18)
[LOG] SoundI::release                          :     spawn_L1 (0000019A34690818)
[LOG] SoundI::release                          :  (0000019AFC990C98)
[LOG] SoundI::release                          :     spawn_tierra_v1 (0000019A346940F8)
[LOG] SystemI::mixerSuspend                    : Suspending output.
[LOG] SystemI::mixerResume                     : Resuming output.
[LOG] SoundI::release                          :  (0000019AFC98F598)
[LOG] SoundI::release                          :     spawn_tierra_v2 (0000019A3468F638)
[LOG] SoundI::release                          :  (0000019AFC98ECF8)
[LOG] SoundI::release                          :     ArracachaMan_Voz_Spawn_01 (0000019A34695138)
[LOG] SoundI::release                          :  (0000019AFC98F428)
[LOG] SoundI::release                          :     ArracachaMan_Voz_Spawn_02 (0000019A34693738)
[LOG] SoundI::release                          :  (0000019AFC98FFA8)
[LOG] SoundI::release                          :     ArracachaMan_Voz_Spawn_03 (0000019A34692D78)
[LOG] SoundI::release                          :  (0000019AFC98FE38)
[LOG] SoundI::release                          :     ArracachaMan_Voz_Spawn_04 (0000019A3468EFB8)
[LOG] SoundI::release                          :  (0000019AFC99F9C8)
[LOG] SoundI::release                          :     ArracachaMan_Voz_Cosecha_P2_01 (00000199EAFA2408)
[LOG] SoundI::release                          :  (0000019AFC9A1968)
[LOG] SoundI::release                          :     ArracachaMan_Voz_Cosecha_P2_02 (00000199EAFA1228)
[LOG] SoundI::release                          :  (0000019AFC9A10C8)
[LOG] SoundI::release                          :     ArracachaMan_Voz_Cosecha_P2_03 (00000199EAFA3FA8)
[LOG] SoundI::release                          :  (0000019AFC9A0C78)
[LOG] SoundI::release                          :     ArracachaMan_Voz_Cosecha_P3_01 (00000199EAFA47C8)
[LOG] SoundI::release                          :  (0000019AFC9A0DE8)
[LOG] SoundI::release                          :     ArracachaMan_Voz_Cosecha_P3_02 (00000199EAFA59A8)
[LOG] SoundI::release                          :  (0000019AFC99FE18)
[LOG] SoundI::release                          :     ArracachaMan_Voz_Cosecha_P3_03 (00000199EAFA28E8)
[LOG] SoundI::release                          :  (0000019AFC9A17F8)
[LOG] SoundI::release                          :     ArracachaMan_Voz_Cosecha_P3_04 (00000199EAFA2268)
[LOG] SoundI::release                          :  (0000019AFC9A0548)
[LOG] SoundI::release                          :     ArracachaMan_Voz_Cosecha_P1_01 (00000199EAFA5328)
[LOG] SoundI::release                          :  (0000019AFC99F858)
[LOG] SoundI::release                          :     ArracachaMan_Voz_Cosecha_P1_02 (00000199EAFA66A8)
[LOG] SoundI::release                          :  (0000019AFC9A0F58)
[LOG] SoundI::release                          :     ArracachaMan_Voz_Cosecha_P1_03 (00000199EAFA69E8)
[LOG] SoundI::release                          :  (0000019AFC9A1518)
[LOG] SoundI::release                          :     ArracachaMan_Voz_Cosecha_P1_04 (00000199EAFA0528)
[LOG] SoundI::release                          :  (0000019AFC996CE8)
[LOG] SoundI::release                          :     Cartoon Accent 01-01.L (0000019B41974568)
[LOG] SoundI::release                          :  (0000019AFC995FF8)
[LOG] SoundI::release                          :     Cartoon Accent 01-PiSh_01-01.L (00000199EAFA3928)
[LOG] SoundI::release                          :  (0000019AFC998F68)
[LOG] SoundI::release                          :     FootstepsDirt 6016_90_1-06.L (00000199EAFA54C8)
[LOG] SoundI::release                          :  (0000019AFC995E88)
[LOG] SoundI::release                          :     FootstepsDirt 6016_90_1-08.L (00000199EAFA4FE8)
[LOG] SoundI::release                          :  (0000019AFC998278)
[LOG] SoundI::release                          :     FootstepsDirt 6016_90_1-10.L (0000019B41973868)
[LOG] SoundI::release                          :  (0000019AFC994EB8)
[LOG] SoundI::release                          :     FootstepsDirt 6016_90_1-12.L (00000199EAFA3788)
[LOG] SoundI::release                          :  (0000019AFC995D18)
[LOG] SoundI::release                          :     FootstepsDirt 6016_90_1-13.L (00000199EAFA61C8)
[LOG] SoundI::release                          :  (0000019AFC9958C8)
[LOG] SoundI::release                          :     FootstepsDirt 6016_90_1-02.L (0000019B41974A48)
[LOG] SoundI::release                          :  (0000019AFC993D78)
[LOG] SoundI::release                          :     FootstepsDirt 6016_90_1-04.L (0000019B41973EE8)
[LOG] SoundI::release                          :  (0000019AFC9965B8)
[LOG] SoundI::release                          :     Footsteps Mud Walk-02.L (0000019B41973BA8)
[LOG] SoundI::release                          :  (0000019AFC9989A8)
[LOG] SoundI::release                          :     Footsteps Mud Walk-04.L (00000199EAFA5CE8)
[LOG] SoundI::release                          :  (0000019AFC997B48)
[LOG] SoundI::release                          :     Footsteps Mud Walk-06.L (00000199EAFA1A48)
[LOG] SoundI::release                          :  (0000019AFC995BA8)
[LOG] SoundI::release                          :     Footsteps Mud Walk-08.L (0000019B419743C8)
[LOG] SoundI::release                          :  (0000019AFC993C08)
[LOG] SoundI::release                          :     Footsteps Mud Walk-10.L (00000199EAFA35E8)
[LOG] SoundI::release                          :  (0000019AFC995028)
[LOG] SoundI::release                          :     Footsteps Mud Walk-11.L (0000019B41970E28)
[LOG] SoundI::release                          :  (0000019AFC993928)
[LOG] SoundI::release                          :     cosechando beeps_01 (0000019A34692898)
[LOG] SoundI::release                          :  (0000019AFC997588)
[LOG] SoundI::release                          :     cosechando beeps_02 (0000019A34691D38)
[LOG] SoundI::release                          :  (0000019AFC997E28)
[LOG] SoundI::release                          :     cosechando beeps_03 (0000019A34694778)
[LOG] SoundI::release                          :  (0000019AFC998B18)
[LOG] SoundI::release                          :     cosechando beeps_04 (0000019A3468F2F8)
[LOG] SoundI::release                          :  (0000019AFC993A98)
[LOG] SoundI::release                          :     cosechando beeps_05 (0000019A34694918)
[LOG] SoundI::release                          :  (0000019AFC9986C8)
[LOG] SoundI::release                          :     cosechando beeps_06 (0000019A34691378)
[LOG] SoundI::release                          :  (0000019AFC997138)
[LOG] SoundI::release                          :     cosechando beeps_07 (0000019A34691B98)
[LOG] SoundI::release                          :  (0000019AFC9948F8)
[LOG] SoundI::release                          :     cosechando beeps_08 (0000019A34694F98)
[LOG] SoundI::release                          :  (0000019AFC994338)
[LOG] SoundI::release                          :     cosechando beeps_09 (0000019A34692BD8)
[LOG] SoundI::release                          :  (0000019AFC994058)
[LOG] SoundI::release                          :     cosechando beeps_10 (0000019A3468EC78)
[LOG] SoundI::release                          :  (0000019AFC996898)
[LOG] SoundI::release                          :     cosechando beeps_11 (0000019A34694298)
[LOG] SoundI::release                          :  (0000019AFC995198)
[LOG] SoundI::release                          :     cosechando beeps_12 (0000019A346952D8)
[LOG] SoundI::release                          :  (0000019AFC9976F8)
[LOG] SoundI::release                          :     cosechando beeps_13 (0000019A34691ED8)
[LOG] SoundI::release                          :  (0000019AFC998C88)
[LOG] SoundI::release                          :     collect_01 (0000019A3468FB18)
[LOG] SoundI::release                          :  (0000019AFC996E58)
[LOG] SoundI::release                          :     collect_03 (0000019A34692F18)
[LOG] SoundI::release                          :  (0000019AFC996B78)
[LOG] SoundI::release                          :     collect_02 (0000019A346909B8)
[LOG] SoundI::release                          :  (0000019AFC9983E8)
[LOG] SoundI::release                          :     cosechando_loop_L1 (0000019A34694438)
[LOG] SoundI::release                          :  (0000019AFC997868)
[LOG] SoundI::release                          :     cosechando_loop_L2 (0000019A346945D8)
[LOG] Thread::callback                         : FMOD Studio update thread finished.
[LOG] Thread::callback                         : FMOD Studio bank load thread finished.
[LOG] Profile::disconnectAll                   : Profiler disconnecting all clients
[LOG] Thread::callback                         : FMOD Studio sample load thread finished.
[LOG] LiveUpdate::release                      : 
[LOG] LiveUpdate::reset                        : Reset connection (reason Disconnected)
[LOG] Thread::callback                         : FMOD stream thread finished.
[LOG] Thread::callback                         : FMOD mixer thread finished.
[LOG] Profile::disconnectAll                   : Profiler disconnecting all clients
[LOG] SystemI::close                           : Closed.
[LOG] Thread::callback                         : FMOD Studio bank load thread finished.
[LOG] Thread::callback                         : FMOD Studio sample load thread finished.
[LOG] LiveUpdate::release                      : 
[LOG] LiveUpdate::reset                        : Reset connection (reason Disconnected)
[LOG] Thread::callback                         : FMOD stream thread finished.
[LOG] Thread::callback                         : FMOD mixer thread finished.
[LOG] SystemI::close                           : Closed.
